<?xml version="1.0" encoding="UTF-8"?>
<testng-results ignored="0" total="1" passed="1" failed="0" skipped="0">
  <reporter-output>
  </reporter-output>
  <suite started-at="2025-02-28T16:40:10 IST" name="Default suite" finished-at="2025-02-28T16:40:19 IST" duration-ms="8748">
    <groups>
    </groups>
    <test started-at="2025-02-28T16:40:10 IST" name="Default test" finished-at="2025-02-28T16:40:19 IST" duration-ms="8748">
      <class name="example">
        <test-method signature="exma()[pri:0, instance:example@593aaf41]" started-at="2025-02-28T16:40:10 IST" name="exma" finished-at="2025-02-28T16:40:19 IST" duration-ms="8624" status="PASS">
          <reporter-output>
          </reporter-output>
        </test-method> <!-- exma -->
      </class> <!-- example -->
    </test> <!-- Default test -->
  </suite> <!-- Default suite -->
</testng-results>
